********************************************************************************
product = WebSphere Application Server 19.0.0.10 (wlp-1.0.33.cl191020191002-0300)
wlp.install.dir = C:/Users/carlo/OneDrive/Escritorio/TEC 2019/Material de cursos/Datos 1/Proyectos/Proyecto 3/Proyecto3_CE/Server/
java.home = C:\Program Files\Java\jre1.8.0_111
java.version = 1.8.0_111
java.runtime = Java(TM) SE Runtime Environment (1.8.0_111-b14)
os = Windows 10 (10.0; amd64) (en_US)
process = 12440@LAPTOP-KAFML7NV
********************************************************************************
[11/4/19 22:56:06:484 CST] 00000001 com.ibm.ws.kernel.launch.internal.FrameworkManager           A CWWKE0001I: The server defaultServer has been launched.
[11/4/19 22:56:06:526 CST] 00000001 com.ibm.ws.kernel.launch.internal.FrameworkManager           A CWWKE0100I: This product is licensed for development, and limited production use. The full license terms can be viewed here: https://public.dhe.ibm.com/ibmdl/export/pub/software/websphere/wasdev/license/base_ilan/ilan/19.0.0.10/lafiles/en.html
[11/4/19 22:56:07:517 CST] 00000001 com.ibm.ws.kernel.launch.internal.FrameworkManager           I CWWKE0002I: The kernel started after 1.183 seconds
[11/4/19 22:56:07:552 CST] 00000020 com.ibm.ws.kernel.feature.internal.FeatureManager            I CWWKF0007I: Feature update started.
[11/4/19 22:56:07:936 CST] 00000014 com.ibm.ws.security.registry.basic.internal.BasicRegistry    W CWWKS3103W: There are no users defined for the BasicRegistry configuration of ID com.ibm.ws.security.registry.basic.config[basic].
[11/4/19 22:56:07:942 CST] 00000014 com.ibm.ws.security.ready.internal.SecurityReadyServiceImpl  I CWWKS0007I: The security service is starting...
[11/4/19 22:56:08:116 CST] 00000015 com.ibm.ws.app.manager.internal.monitor.DropinMonitor        A CWWKZ0058I: Monitoring dropins for applications.
[11/4/19 22:56:08:271 CST] 00000023 com.ibm.ws.tcpchannel.internal.TCPChannel                    I CWWKO0219I: TCP Channel defaultHttpEndpoint has been started and is now listening for requests on host 127.0.0.1  (IPv4: 127.0.0.1) port 9080.
[11/4/19 22:56:08:404 CST] 00000014 ibm.ws.security.authentication.internal.jaas.JAASServiceImpl I CWWKS1123I: The collective authentication plugin with class name NullCollectiveAuthenticationPlugin has been activated. 
[11/4/19 22:56:08:472 CST] 00000028 com.ibm.ws.security.ready.internal.SecurityReadyServiceImpl  I CWWKS0008I: The security service is ready.
[11/4/19 22:56:08:472 CST] 00000028 com.ibm.ws.security.token.ltpa.internal.LTPAKeyCreateTask    I CWWKS4105I: LTPA configuration is ready after 0.073 seconds.
[11/4/19 22:56:08:472 CST] 0000001c com.ibm.ws.ssl.config.WSKeyStore                             I Successfully loaded default keystore: C:/Users/carlo/OneDrive/Escritorio/TEC 2019/Material de cursos/Datos 1/Proyectos/Proyecto 3/Proyecto3_CE/Server/usr/servers/defaultServer/resources/security/key.p12 of type: PKCS12
[11/4/19 22:56:08:531 CST] 00000014 com.ibm.ws.tcpchannel.internal.TCPChannel                    I CWWKO0219I: TCP Channel wasJmsEndpoint351 has been started and is now listening for requests on host 127.0.0.1  (IPv4: 127.0.0.1) port 7276.
[11/4/19 22:56:08:672 CST] 00000030 com.ibm.ws.tcpchannel.internal.TCPChannel                    I CWWKO0219I: TCP Channel defaultHttpEndpoint-ssl has been started and is now listening for requests on host 127.0.0.1  (IPv4: 127.0.0.1) port 9443.
[11/4/19 22:56:08:672 CST] 0000001c com.ibm.ws.tcpchannel.internal.TCPChannel                    I CWWKO0219I: TCP Channel wasJmsEndpoint351-ssl has been started and is now listening for requests on host 127.0.0.1  (IPv4: 127.0.0.1) port 7286.
[11/4/19 22:56:09:277 CST] 00000014 com.ibm.ws.sib.utils.ras.SibMessage                          I  CWSID0108I: JMS server has started.  
[11/4/19 22:56:09:384 CST] 00000014 com.ibm.ws.security.jaspi.AuthConfigFactoryWrapper           I CWWKS1655I: The default Java Authentication SPI for Containers (JASPIC) AuthConfigFactory class com.ibm.ws.security.jaspi.ProviderRegistry is being used because the Java security property authconfigprovider.factory is not set. 
[11/4/19 22:56:09:669 CST] 00000014 org.apache.cxf.bus.osgi.CXFActivator                         I Adding the extensions from bundle com.ibm.ws.org.apache.cxf.cxf.rt.ws.addr.2.6.2 (188) [org.apache.cxf.ws.addressing.policy.AddressingAssertionBuilder, org.apache.cxf.ws.addressing.policy.UsingAddressingAssertionBuilder, org.apache.cxf.ws.addressing.policy.AddressingPolicyInterceptorProvider, org.apache.cxf.ws.addressing.impl.AddressingWSDLExtensionLoader, org.apache.cxf.ws.addressing.WSAddressingFeature$WSAddressingFeatureApplier, org.apache.cxf.ws.addressing.MAPAggregator$MAPAggregatorLoader]
[11/4/19 22:56:09:684 CST] 00000014 org.apache.cxf.bus.osgi.CXFActivator                         I Adding the extensions from bundle com.ibm.ws.org.apache.cxf.cxf.rt.bindings.soap.2.6.2 (191) [org.apache.cxf.binding.soap.SoapBindingFactory, org.apache.cxf.binding.soap.SoapTransportFactory]
[11/4/19 22:56:09:684 CST] 00000014 org.apache.cxf.bus.osgi.CXFActivator                         I Adding the extensions from bundle com.ibm.ws.org.apache.cxf.cxf.rt.bindings.xml.2.6.2 (197) [org.apache.cxf.binding.xml.XMLBindingFactory, org.apache.cxf.binding.xml.wsdl11.XMLWSDLExtensionLoader]
[11/4/19 22:56:09:684 CST] 00000014 org.apache.cxf.bus.osgi.CXFActivator                         I Adding the extensions from bundle com.ibm.ws.org.apache.cxf.cxf.rt.frontend.jaxws.2.6.2 (199) [org.apache.cxf.jaxws.context.WebServiceContextResourceResolver]
[11/4/19 22:56:09:684 CST] 00000014 org.apache.cxf.bus.osgi.CXFActivator                         I Adding the extensions from bundle com.ibm.ws.org.apache.cxf.cxf.rt.management.2.6.2 (201) [org.apache.cxf.management.InstrumentationManager]
[11/4/19 22:56:09:684 CST] 00000014 org.apache.cxf.bus.osgi.CXFActivator                         I Adding the extensions from bundle com.ibm.ws.org.apache.cxf.cxf.rt.transports.http.2.6.2 (205) [org.apache.cxf.transport.http.HTTPTransportFactory, org.apache.cxf.transport.http.HTTPWSDLExtensionLoader, org.apache.cxf.transport.http.policy.HTTPClientAssertionBuilder, org.apache.cxf.transport.http.policy.HTTPServerAssertionBuilder, org.apache.cxf.transport.http.policy.NoOpPolicyInterceptorProvider]
[11/4/19 22:56:09:684 CST] 00000014 org.apache.cxf.bus.osgi.CXFActivator                         I Adding the extensions from bundle com.ibm.ws.org.apache.cxf.cxf.rt.ws.policy.2.6.2 (207) [org.apache.cxf.ws.policy.PolicyEngine, org.apache.cxf.policy.PolicyDataEngine, org.apache.cxf.ws.policy.AssertionBuilderRegistry, org.apache.cxf.ws.policy.PolicyInterceptorProviderRegistry, org.apache.cxf.ws.policy.PolicyBuilder, org.apache.cxf.ws.policy.PolicyAnnotationListener, org.apache.cxf.ws.policy.attachment.ServiceModelPolicyProvider, org.apache.cxf.ws.policy.attachment.external.DomainExpressionBuilderRegistry, org.apache.cxf.ws.policy.attachment.external.EndpointReferenceDomainExpressionBuilder, org.apache.cxf.ws.policy.attachment.wsdl11.Wsdl11AttachmentPolicyProvider, org.apache.cxf.ws.policy.mtom.MTOMAssertionBuilder, org.apache.cxf.ws.policy.mtom.MTOMPolicyInterceptorProvider]
[11/4/19 22:56:10:026 CST] 00000014 com.ibm.ws.cache.ServerCache                                 I DYNA1001I: WebSphere Dynamic Cache instance named baseCache initialized successfully.
[11/4/19 22:56:10:028 CST] 00000014 com.ibm.ws.cache.ServerCache                                 I DYNA1071I: The cache provider default is being used.
[11/4/19 22:56:10:028 CST] 00000014 com.ibm.ws.cache.CacheServiceImpl                            I DYNA1056I: Dynamic Cache (object cache) initialized successfully.
[11/4/19 22:56:10:389 CST] 00000016 com.ibm.ws.transport.iiop.internal.ORBWrapperInternal        A CWWKI0001I: The CORBA name server is now available at corbaloc:iiop:localhost:2809/NameService.
[11/4/19 22:56:10:960 CST] 00000023 com.ibm.ws.app.manager.AppMessageHelper                      I CWWKZ0018I: Starting application ProjectGraphAPI.
[11/4/19 22:56:10:960 CST] 00000023 bm.ws.app.manager.war.internal.WARDeployedAppInfoFactoryImpl I CWWKZ0134I: The ProjectGraphAPI application is using the loose application definition at the C:\Users\carlo\OneDrive\Escritorio\TEC 2019\Material de cursos\Datos 1\Proyectos\Proyecto 3\Proyecto3_CE\Server\usr\servers\defaultServer\apps\ProjectGraphAPI.war.xml location.
[11/4/19 22:56:11:229 CST] 00000023 org.jboss.weld.Version                                       I WELD-000900: 2.4.8 (Final)
[11/4/19 22:56:11:620 CST] 00000023 com.ibm.ws.session.WASSessionCore                            I SESN8501I: The session manager did not find a persistent storage location; HttpSession objects will be stored in the local application server's memory.
[11/4/19 22:56:11:633 CST] 00000023 com.ibm.ws.webcontainer.osgi.webapp.WebGroup                 I SRVE0169I: Loading Web Module: ProjectGraphAPI.
[11/4/19 22:56:11:641 CST] 00000023 com.ibm.ws.webcontainer                                      I SRVE0250I: Web Module ProjectGraphAPI has been bound to default_host.
[11/4/19 22:56:11:641 CST] 00000023 com.ibm.ws.http.internal.VirtualHostImpl                     A CWWKT0016I: Web application available (default_host): http://localhost:9080/ProjectGraphAPI/
[11/4/19 22:56:11:644 CST] 00000023 com.ibm.ws.app.manager.AppMessageHelper                      A CWWKZ0001I: Application ProjectGraphAPI started in 0.684 seconds.
[11/4/19 22:56:11:677 CST] 0000004a com.ibm.ws.session.WASSessionCore                            I SESN0176I: A new session context will be created for application key default_host/ProjectGraphAPI
[11/4/19 22:56:11:677 CST] 0000004c com.ibm.ws.webcontainer.osgi.mbeans.PluginGenerator          I SRVE9103I: A configuration file for a web server plugin was automatically generated for this server at C:\Users\carlo\OneDrive\Escritorio\TEC 2019\Material de cursos\Datos 1\Proyectos\Proyecto 3\Proyecto3_CE\Server\usr\servers\defaultServer\logs\state\plugin-cfg.xml.
[11/4/19 22:56:11:677 CST] 0000004a com.ibm.ws.util                                              I SESN0172I: The session manager is using the Java default SecureRandom implementation for session ID generation.
[11/4/19 22:56:11:692 CST] 00000020 com.ibm.ws.kernel.feature.internal.FeatureManager            A CWWKF0012I: The server installed the following features: [appClientSupport-1.0, appSecurity-2.0, batch-1.0, beanValidation-1.1, cdi-1.2, concurrent-1.0, distributedMap-1.0, ejb-3.2, ejbHome-3.2, ejbLite-3.2, ejbPersistentTimer-3.2, ejbRemote-3.2, el-3.0, j2eeManagement-1.1, jacc-1.5, jaspic-1.1, javaMail-1.5, javaee-7.0, jaxb-2.2, jaxrs-2.0, jaxrsClient-2.0, jaxws-2.2, jca-1.7, jcaInboundSecurity-1.0, jdbc-4.1, jms-2.0, jndi-1.0, jpa-2.1, jpaContainer-2.1, jsf-2.2, json-1.0, jsonp-1.0, jsp-2.3, localConnector-1.0, managedBeans-1.0, mdb-3.2, servlet-3.1, ssl-1.0, wasJmsClient-2.0, wasJmsSecurity-1.0, wasJmsServer-1.0, webProfile-7.0, websocket-1.1].
[11/4/19 22:56:11:692 CST] 00000020 com.ibm.ws.kernel.feature.internal.FeatureManager            I CWWKF0008I: Feature update completed in 4.193 seconds.
[11/4/19 22:56:11:692 CST] 00000020 com.ibm.ws.kernel.feature.internal.FeatureManager            A CWWKF0011I: The defaultServer server is ready to run a smarter planet. The defaultServer server started in 5.377 seconds.
[11/4/19 22:56:11:838 CST] 0000004a com.ibm.ws.cache.CacheServiceImpl                            I DYNA1056I: Dynamic Cache (object cache) initialized successfully.
[11/4/19 22:56:22:351 CST] 0000004e .ibm.ws.jaxrs.2.0.common:1.0.33.cl191020191002-0300(id=259)] I Setting the server's publish address to be /
[11/4/19 22:56:22:511 CST] 0000004e com.ibm.ws.webcontainer.servlet                              I SRVE0242I: [ProjectGraphAPI] [/ProjectGraphAPI] [cr.ac.tec.graph.api.resources.RESTApplication]: Initialization successful.
[11/4/19 22:57:51:181 CST] 00000023 com.ibm.ws.http.internal.VirtualHostImpl                     A CWWKT0017I: Web application removed (default_host): http://localhost:9080/ProjectGraphAPI/
[11/4/19 22:57:51:183 CST] 00000023 com.ibm.ws.webcontainer.servlet                              I SRVE0253I: [ProjectGraphAPI] [/ProjectGraphAPI] [cr.ac.tec.graph.api.resources.RESTApplication]: Destroy successful.
[11/4/19 22:57:51:214 CST] 00000023 com.ibm.ws.app.manager.AppMessageHelper                      A CWWKZ0009I: The application ProjectGraphAPI has stopped successfully.
[11/4/19 22:57:51:230 CST] 00000023 com.ibm.ws.app.manager.AppMessageHelper                      I CWWKZ0018I: Starting application ProjectGraphAPI.
[11/4/19 22:57:51:230 CST] 00000023 bm.ws.app.manager.war.internal.WARDeployedAppInfoFactoryImpl I CWWKZ0134I: The ProjectGraphAPI application is using the loose application definition at the C:\Users\carlo\OneDrive\Escritorio\TEC 2019\Material de cursos\Datos 1\Proyectos\Proyecto 3\Proyecto3_CE\Server\usr\servers\defaultServer\apps\ProjectGraphAPI.war.xml location.
[11/4/19 22:57:51:390 CST] 00000023 com.ibm.ws.webcontainer.osgi.webapp.WebGroup                 I SRVE0169I: Loading Web Module: ProjectGraphAPI.
[11/4/19 22:57:51:390 CST] 00000023 com.ibm.ws.webcontainer                                      I SRVE0250I: Web Module ProjectGraphAPI has been bound to default_host.
[11/4/19 22:57:51:390 CST] 00000023 com.ibm.ws.http.internal.VirtualHostImpl                     A CWWKT0016I: Web application available (default_host): http://localhost:9080/ProjectGraphAPI/
[11/4/19 22:57:51:390 CST] 00000023 com.ibm.ws.app.manager.AppMessageHelper                      A CWWKZ0003I: The application ProjectGraphAPI updated in 0.160 seconds.
[11/4/19 22:57:51:406 CST] 0000004f com.ibm.ws.session.WASSessionCore                            I SESN0176I: A new session context will be created for application key default_host/ProjectGraphAPI
[11/4/19 22:57:51:406 CST] 0000004f com.ibm.ws.util                                              I SESN0172I: The session manager is using the Java default SecureRandom implementation for session ID generation.
[11/4/19 22:57:51:568 CST] 00000030 com.ibm.ws.webcontainer.osgi.mbeans.PluginGenerator          I SRVE9103I: A configuration file for a web server plugin was automatically generated for this server at C:\Users\carlo\OneDrive\Escritorio\TEC 2019\Material de cursos\Datos 1\Proyectos\Proyecto 3\Proyecto3_CE\Server\usr\servers\defaultServer\logs\state\plugin-cfg.xml.
[11/4/19 22:57:51:585 CST] 00000055 com.ibm.ws.webcontainer.osgi.mbeans.PluginGenerator          I SRVE9103I: A configuration file for a web server plugin was automatically generated for this server at C:\Users\carlo\OneDrive\Escritorio\TEC 2019\Material de cursos\Datos 1\Proyectos\Proyecto 3\Proyecto3_CE\Server\usr\servers\defaultServer\logs\state\plugin-cfg.xml.
[11/4/19 22:59:09:101 CST] 0000002b com.ibm.ws.http.internal.VirtualHostImpl                     A CWWKT0017I: Web application removed (default_host): http://localhost:9080/ProjectGraphAPI/
[11/4/19 22:59:09:122 CST] 0000002b com.ibm.ws.app.manager.AppMessageHelper                      A CWWKZ0009I: The application ProjectGraphAPI has stopped successfully.
[11/4/19 22:59:09:122 CST] 0000002b com.ibm.ws.app.manager.AppMessageHelper                      I CWWKZ0018I: Starting application ProjectGraphAPI.
[11/4/19 22:59:09:122 CST] 0000002b bm.ws.app.manager.war.internal.WARDeployedAppInfoFactoryImpl I CWWKZ0134I: The ProjectGraphAPI application is using the loose application definition at the C:\Users\carlo\OneDrive\Escritorio\TEC 2019\Material de cursos\Datos 1\Proyectos\Proyecto 3\Proyecto3_CE\Server\usr\servers\defaultServer\apps\ProjectGraphAPI.war.xml location.
[11/4/19 22:59:09:153 CST] 0000004c com.ibm.ws.webcontainer.osgi.mbeans.PluginGenerator          I SRVE9103I: A configuration file for a web server plugin was automatically generated for this server at C:\Users\carlo\OneDrive\Escritorio\TEC 2019\Material de cursos\Datos 1\Proyectos\Proyecto 3\Proyecto3_CE\Server\usr\servers\defaultServer\logs\state\plugin-cfg.xml.
[11/4/19 22:59:09:248 CST] 0000002b com.ibm.ws.webcontainer.osgi.webapp.WebGroup                 I SRVE0169I: Loading Web Module: ProjectGraphAPI.
[11/4/19 22:59:09:248 CST] 0000002b com.ibm.ws.webcontainer                                      I SRVE0250I: Web Module ProjectGraphAPI has been bound to default_host.
[11/4/19 22:59:09:248 CST] 0000002b com.ibm.ws.http.internal.VirtualHostImpl                     A CWWKT0016I: Web application available (default_host): http://localhost:9080/ProjectGraphAPI/
[11/4/19 22:59:09:248 CST] 0000002b com.ibm.ws.app.manager.AppMessageHelper                      A CWWKZ0003I: The application ProjectGraphAPI updated in 0.126 seconds.
[11/4/19 22:59:09:264 CST] 00000029 com.ibm.ws.session.WASSessionCore                            I SESN0176I: A new session context will be created for application key default_host/ProjectGraphAPI
[11/4/19 22:59:09:264 CST] 00000029 com.ibm.ws.util                                              I SESN0172I: The session manager is using the Java default SecureRandom implementation for session ID generation.
[11/4/19 22:59:09:279 CST] 00000052 com.ibm.ws.webcontainer.osgi.mbeans.PluginGenerator          I SRVE9103I: A configuration file for a web server plugin was automatically generated for this server at C:\Users\carlo\OneDrive\Escritorio\TEC 2019\Material de cursos\Datos 1\Proyectos\Proyecto 3\Proyecto3_CE\Server\usr\servers\defaultServer\logs\state\plugin-cfg.xml.
[11/4/19 22:59:13:623 CST] 00000030 com.ibm.ws.http.internal.VirtualHostImpl                     A CWWKT0017I: Web application removed (default_host): http://localhost:9080/ProjectGraphAPI/
[11/4/19 22:59:13:632 CST] 00000030 com.ibm.ws.app.manager.AppMessageHelper                      A CWWKZ0009I: The application ProjectGraphAPI has stopped successfully.
[11/4/19 22:59:13:647 CST] 00000030 com.ibm.ws.app.manager.AppMessageHelper                      I CWWKZ0018I: Starting application ProjectGraphAPI.
[11/4/19 22:59:13:647 CST] 00000030 bm.ws.app.manager.war.internal.WARDeployedAppInfoFactoryImpl I CWWKZ0134I: The ProjectGraphAPI application is using the loose application definition at the C:\Users\carlo\OneDrive\Escritorio\TEC 2019\Material de cursos\Datos 1\Proyectos\Proyecto 3\Proyecto3_CE\Server\usr\servers\defaultServer\apps\ProjectGraphAPI.war.xml location.
[11/4/19 22:59:13:723 CST] 00000044 com.ibm.ws.webcontainer.osgi.mbeans.PluginGenerator          I SRVE9103I: A configuration file for a web server plugin was automatically generated for this server at C:\Users\carlo\OneDrive\Escritorio\TEC 2019\Material de cursos\Datos 1\Proyectos\Proyecto 3\Proyecto3_CE\Server\usr\servers\defaultServer\logs\state\plugin-cfg.xml.
[11/4/19 22:59:13:770 CST] 00000030 com.ibm.ws.webcontainer.osgi.webapp.WebGroup                 I SRVE0169I: Loading Web Module: ProjectGraphAPI.
[11/4/19 22:59:13:770 CST] 00000030 com.ibm.ws.webcontainer                                      I SRVE0250I: Web Module ProjectGraphAPI has been bound to default_host.
[11/4/19 22:59:13:770 CST] 00000030 com.ibm.ws.http.internal.VirtualHostImpl                     A CWWKT0016I: Web application available (default_host): http://localhost:9080/ProjectGraphAPI/
[11/4/19 22:59:13:770 CST] 00000030 com.ibm.ws.app.manager.AppMessageHelper                      A CWWKZ0003I: The application ProjectGraphAPI updated in 0.123 seconds.
[11/4/19 22:59:13:785 CST] 0000004c com.ibm.ws.session.WASSessionCore                            I SESN0176I: A new session context will be created for application key default_host/ProjectGraphAPI
[11/4/19 22:59:13:785 CST] 0000004c com.ibm.ws.util                                              I SESN0172I: The session manager is using the Java default SecureRandom implementation for session ID generation.
[11/4/19 22:59:13:836 CST] 0000002b com.ibm.ws.webcontainer.osgi.mbeans.PluginGenerator          I SRVE9103I: A configuration file for a web server plugin was automatically generated for this server at C:\Users\carlo\OneDrive\Escritorio\TEC 2019\Material de cursos\Datos 1\Proyectos\Proyecto 3\Proyecto3_CE\Server\usr\servers\defaultServer\logs\state\plugin-cfg.xml.
[11/4/19 22:59:53:337 CST] 00000069 com.ibm.ws.http.internal.VirtualHostImpl                     A CWWKT0017I: Web application removed (default_host): http://localhost:9080/ProjectGraphAPI/
[11/4/19 22:59:53:366 CST] 00000069 com.ibm.ws.app.manager.AppMessageHelper                      A CWWKZ0009I: The application ProjectGraphAPI has stopped successfully.
[11/4/19 22:59:53:377 CST] 00000069 com.ibm.ws.app.manager.AppMessageHelper                      I CWWKZ0018I: Starting application ProjectGraphAPI.
[11/4/19 22:59:53:378 CST] 00000069 bm.ws.app.manager.war.internal.WARDeployedAppInfoFactoryImpl I CWWKZ0134I: The ProjectGraphAPI application is using the loose application definition at the C:\Users\carlo\OneDrive\Escritorio\TEC 2019\Material de cursos\Datos 1\Proyectos\Proyecto 3\Proyecto3_CE\Server\usr\servers\defaultServer\apps\ProjectGraphAPI.war.xml location.
[11/4/19 22:59:53:514 CST] 00000069 com.ibm.ws.webcontainer.osgi.webapp.WebGroup                 I SRVE0169I: Loading Web Module: ProjectGraphAPI.
[11/4/19 22:59:53:514 CST] 00000069 com.ibm.ws.webcontainer                                      I SRVE0250I: Web Module ProjectGraphAPI has been bound to default_host.
[11/4/19 22:59:53:514 CST] 00000069 com.ibm.ws.http.internal.VirtualHostImpl                     A CWWKT0016I: Web application available (default_host): http://localhost:9080/ProjectGraphAPI/
[11/4/19 22:59:53:515 CST] 00000069 com.ibm.ws.app.manager.AppMessageHelper                      A CWWKZ0003I: The application ProjectGraphAPI updated in 0.138 seconds.
[11/4/19 22:59:53:523 CST] 00000078 com.ibm.ws.session.WASSessionCore                            I SESN0176I: A new session context will be created for application key default_host/ProjectGraphAPI
[11/4/19 22:59:53:524 CST] 00000078 com.ibm.ws.util                                              I SESN0172I: The session manager is using the Java default SecureRandom implementation for session ID generation.
[11/4/19 22:59:53:686 CST] 0000007a com.ibm.ws.webcontainer.osgi.mbeans.PluginGenerator          I SRVE9103I: A configuration file for a web server plugin was automatically generated for this server at C:\Users\carlo\OneDrive\Escritorio\TEC 2019\Material de cursos\Datos 1\Proyectos\Proyecto 3\Proyecto3_CE\Server\usr\servers\defaultServer\logs\state\plugin-cfg.xml.
[11/4/19 22:59:53:737 CST] 00000074 com.ibm.ws.webcontainer.osgi.mbeans.PluginGenerator          I SRVE9103I: A configuration file for a web server plugin was automatically generated for this server at C:\Users\carlo\OneDrive\Escritorio\TEC 2019\Material de cursos\Datos 1\Proyectos\Proyecto 3\Proyecto3_CE\Server\usr\servers\defaultServer\logs\state\plugin-cfg.xml.
[11/4/19 23:01:49:338 CST] 0000007d com.ibm.ws.http.internal.VirtualHostImpl                     A CWWKT0017I: Web application removed (default_host): http://localhost:9080/ProjectGraphAPI/
[11/4/19 23:01:49:358 CST] 0000007d com.ibm.ws.app.manager.AppMessageHelper                      A CWWKZ0009I: The application ProjectGraphAPI has stopped successfully.
[11/4/19 23:01:49:364 CST] 0000007d com.ibm.ws.app.manager.AppMessageHelper                      I CWWKZ0018I: Starting application ProjectGraphAPI.
[11/4/19 23:01:49:364 CST] 0000007d bm.ws.app.manager.war.internal.WARDeployedAppInfoFactoryImpl I CWWKZ0134I: The ProjectGraphAPI application is using the loose application definition at the C:\Users\carlo\OneDrive\Escritorio\TEC 2019\Material de cursos\Datos 1\Proyectos\Proyecto 3\Proyecto3_CE\Server\usr\servers\defaultServer\apps\ProjectGraphAPI.war.xml location.
[11/4/19 23:01:49:383 CST] 0000007c com.ibm.ws.webcontainer.osgi.mbeans.PluginGenerator          I SRVE9103I: A configuration file for a web server plugin was automatically generated for this server at C:\Users\carlo\OneDrive\Escritorio\TEC 2019\Material de cursos\Datos 1\Proyectos\Proyecto 3\Proyecto3_CE\Server\usr\servers\defaultServer\logs\state\plugin-cfg.xml.
[11/4/19 23:01:49:473 CST] 0000007d com.ibm.ws.webcontainer.osgi.webapp.WebGroup                 I SRVE0169I: Loading Web Module: ProjectGraphAPI.
[11/4/19 23:01:49:473 CST] 0000007d com.ibm.ws.webcontainer                                      I SRVE0250I: Web Module ProjectGraphAPI has been bound to default_host.
[11/4/19 23:01:49:473 CST] 0000007d com.ibm.ws.http.internal.VirtualHostImpl                     A CWWKT0016I: Web application available (default_host): http://localhost:9080/ProjectGraphAPI/
[11/4/19 23:01:49:473 CST] 0000007d com.ibm.ws.app.manager.AppMessageHelper                      A CWWKZ0003I: The application ProjectGraphAPI updated in 0.109 seconds.
[11/4/19 23:01:49:488 CST] 0000006b com.ibm.ws.session.WASSessionCore                            I SESN0176I: A new session context will be created for application key default_host/ProjectGraphAPI
[11/4/19 23:01:49:488 CST] 0000006b com.ibm.ws.util                                              I SESN0172I: The session manager is using the Java default SecureRandom implementation for session ID generation.
[11/4/19 23:01:49:488 CST] 00000063 com.ibm.ws.webcontainer.osgi.mbeans.PluginGenerator          I SRVE9103I: A configuration file for a web server plugin was automatically generated for this server at C:\Users\carlo\OneDrive\Escritorio\TEC 2019\Material de cursos\Datos 1\Proyectos\Proyecto 3\Proyecto3_CE\Server\usr\servers\defaultServer\logs\state\plugin-cfg.xml.
[11/4/19 23:03:08:015 CST] 00000063 com.ibm.ws.http.internal.VirtualHostImpl                     A CWWKT0017I: Web application removed (default_host): http://localhost:9080/ProjectGraphAPI/
[11/4/19 23:03:08:039 CST] 00000063 com.ibm.ws.app.manager.AppMessageHelper                      A CWWKZ0009I: The application ProjectGraphAPI has stopped successfully.
[11/4/19 23:03:08:047 CST] 00000063 com.ibm.ws.app.manager.AppMessageHelper                      I CWWKZ0018I: Starting application ProjectGraphAPI.
[11/4/19 23:03:08:047 CST] 00000063 bm.ws.app.manager.war.internal.WARDeployedAppInfoFactoryImpl I CWWKZ0134I: The ProjectGraphAPI application is using the loose application definition at the C:\Users\carlo\OneDrive\Escritorio\TEC 2019\Material de cursos\Datos 1\Proyectos\Proyecto 3\Proyecto3_CE\Server\usr\servers\defaultServer\apps\ProjectGraphAPI.war.xml location.
[11/4/19 23:03:08:062 CST] 0000007c com.ibm.ws.webcontainer.osgi.mbeans.PluginGenerator          I SRVE9103I: A configuration file for a web server plugin was automatically generated for this server at C:\Users\carlo\OneDrive\Escritorio\TEC 2019\Material de cursos\Datos 1\Proyectos\Proyecto 3\Proyecto3_CE\Server\usr\servers\defaultServer\logs\state\plugin-cfg.xml.
[11/4/19 23:03:08:167 CST] 00000063 com.ibm.ws.webcontainer.osgi.webapp.WebGroup                 I SRVE0169I: Loading Web Module: ProjectGraphAPI.
[11/4/19 23:03:08:167 CST] 00000063 com.ibm.ws.webcontainer                                      I SRVE0250I: Web Module ProjectGraphAPI has been bound to default_host.
[11/4/19 23:03:08:167 CST] 00000063 com.ibm.ws.http.internal.VirtualHostImpl                     A CWWKT0016I: Web application available (default_host): http://localhost:9080/ProjectGraphAPI/
[11/4/19 23:03:08:167 CST] 00000063 com.ibm.ws.app.manager.AppMessageHelper                      A CWWKZ0003I: The application ProjectGraphAPI updated in 0.120 seconds.
[11/4/19 23:03:08:182 CST] 00000069 com.ibm.ws.session.WASSessionCore                            I SESN0176I: A new session context will be created for application key default_host/ProjectGraphAPI
[11/4/19 23:03:08:182 CST] 00000069 com.ibm.ws.util                                              I SESN0172I: The session manager is using the Java default SecureRandom implementation for session ID generation.
[11/4/19 23:03:08:182 CST] 00000082 com.ibm.ws.webcontainer.osgi.mbeans.PluginGenerator          I SRVE9103I: A configuration file for a web server plugin was automatically generated for this server at C:\Users\carlo\OneDrive\Escritorio\TEC 2019\Material de cursos\Datos 1\Proyectos\Proyecto 3\Proyecto3_CE\Server\usr\servers\defaultServer\logs\state\plugin-cfg.xml.
